2026-03-25 21:33:50,422 __main__ (lichess-bot-modified.py:1021) INFO 
    .   _/|
    .  // o\
    .  || ._)  lichess-bot 2023.8.29.1
    .  //__\
    .  )___(   Play on Lichess with a bot
    
2026-03-25 21:33:50,444 config (config.py:259) DEBUG Config:
token: logger
url: https://lichess.org/
engine:
  dir: C:/Users/carlf/programs/ai/Chess-EngineC#/GianMarco/bin/Release/net7.0
  name: GianMarco.exe
  working_dir: ''
  protocol: uci
  ponder: false
  polyglot:
    enabled: false
    book:
      standard:
      - engines/book1.bin
      - engines/book2.bin
    min_weight: 1
    selection: weighted_random
    max_depth: 20
  draw_or_resign:
    resign_enabled: false
    resign_score: -1000
    resign_for_egtb_minus_two: true
    resign_moves: 3
    offer_draw_enabled: true
    offer_draw_score: 0
    offer_draw_for_egtb_zero: true
    offer_draw_moves: 10
    offer_draw_pieces: 10
  online_moves:
    max_out_of_book_moves: 10
    max_retries: 2
    chessdb_book:
      enabled: false
      min_time: 20
      move_quality: good
      min_depth: 20
    lichess_cloud_analysis:
      enabled: false
      min_time: 20
      move_quality: best
      max_score_difference: 50
      min_depth: 20
      min_knodes: 0
    lichess_opening_explorer:
      enabled: false
      min_time: 20
      source: masters
      player_name: ''
      sort: winrate
      min_games: 10
    online_egtb:
      enabled: false
      min_time: 20
      max_pieces: 7
      source: lichess
      move_quality: best
  lichess_bot_tbs:
    syzygy:
      enabled: false
      paths:
      - engines/syzygy
      max_pieces: 7
      move_quality: best
    gaviota:
      enabled: false
      paths:
      - engines/gaviota
      max_pieces: 5
      min_dtm_to_consider_as_wdl_1: 120
      move_quality: best
  homemade_options: null
  silence_stderr: false
abort_time: 30
fake_think_time: false
rate_limiting_delay: 0
move_overhead: 2000
correspondence:
  move_time: 60
  checkin_period: 300
  disconnect_time: 150
  ponder: false
challenge:
  concurrency: 5
  sort_by: best
  accept_bot: true
  only_bot: false
  max_increment: 20
  min_increment: 0
  max_base: 1800
  min_base: 0
  max_days: 14
  min_days: 1
  variants:
  - standard
  - fromPosition
  time_controls:
  - bullet
  - blitz
  - rapid
  - classical
  - correspondence
  - unlimited
  - realtime
  modes:
  - casual
  - rated
  bullet_requires_increment: false
greeting:
  hello: Hey {opponent}! ReadytofaceGMGianMarco? Type!helpforalistofcommandsIcanrespondto.
  goodbye: GGwannagoagain?
  hello_spectators: Hi! I'm{me}. Type!helpforalistofcommandsIcanrespondto.
  goodbye_spectators: Thanksforwatching!
matchmaking:
  allow_matchmaking: false
  challenge_variant: random
  challenge_timeout: 30
  challenge_initial_time:
  - 60
  - 180
  challenge_increment:
  - 1
  - 2
  opponent_rating_difference: 300
  opponent_allow_tos_violation: false
  challenge_mode: random
  challenge_filter: none

2026-03-25 21:33:50,444 config (config.py:260) DEBUG ====================
2026-03-25 21:33:50,454 config (config.py:259) DEBUG Config:
token: logger
url: https://lichess.org/
engine:
  dir: C:/Users/carlf/programs/ai/Chess-EngineC#/GianMarco/bin/Release/net7.0
  name: GianMarco.exe
  working_dir: C:\Users\carlf\programs\ai\Chess-EngineC#\lichess-bot
  protocol: uci
  ponder: false
  polyglot:
    enabled: false
    book:
      standard:
      - engines/book1.bin
      - engines/book2.bin
    min_weight: 1
    selection: weighted_random
    max_depth: 20
  draw_or_resign:
    resign_enabled: false
    resign_score: -1000
    resign_for_egtb_minus_two: true
    resign_moves: 3
    offer_draw_enabled: true
    offer_draw_score: 0
    offer_draw_for_egtb_zero: true
    offer_draw_moves: 10
    offer_draw_pieces: 10
  online_moves:
    max_out_of_book_moves: 10
    max_retries: 2
    chessdb_book:
      enabled: false
      min_time: 20
      move_quality: good
      min_depth: 20
    lichess_cloud_analysis:
      enabled: false
      min_time: 20
      move_quality: best
      max_score_difference: 50
      min_depth: 20
      min_knodes: 0
    lichess_opening_explorer:
      enabled: false
      min_time: 20
      source: masters
      player_name: ''
      sort: winrate
      min_games: 10
    online_egtb:
      enabled: false
      min_time: 20
      max_pieces: 7
      source: lichess
      move_quality: best
  lichess_bot_tbs:
    syzygy:
      enabled: false
      paths:
      - engines/syzygy
      max_pieces: 7
      move_quality: best
    gaviota:
      enabled: false
      paths:
      - engines/gaviota
      max_pieces: 5
      min_dtm_to_consider_as_wdl_1: 120
      move_quality: best
  homemade_options: null
  silence_stderr: false
  uci_ponder: false
abort_time: 30
fake_think_time: false
rate_limiting_delay: 0
move_overhead: 2000
correspondence:
  move_time: 60
  checkin_period: 300
  disconnect_time: 150
  ponder: false
  uci_ponder: false
challenge:
  concurrency: 5
  sort_by: best
  accept_bot: true
  only_bot: false
  max_increment: 20
  min_increment: 0
  max_base: 1800
  min_base: 0
  max_days: 14
  min_days: 1
  variants:
  - standard
  - fromPosition
  time_controls:
  - bullet
  - blitz
  - rapid
  - classical
  - correspondence
  - unlimited
  - realtime
  modes:
  - casual
  - rated
  bullet_requires_increment: false
  block_list: []
  allow_list: []
greeting:
  hello: Hey {opponent}! ReadytofaceGMGianMarco? Type!helpforalistofcommandsIcanrespondto.
  goodbye: GGwannagoagain?
  hello_spectators: Hi! I'm{me}. Type!helpforalistofcommandsIcanrespondto.
  goodbye_spectators: Thanksforwatching!
matchmaking:
  allow_matchmaking: false
  challenge_variant: random
  challenge_timeout: 30
  challenge_initial_time:
  - 60
  - 180
  challenge_increment:
  - 1
  - 2
  opponent_rating_difference: 300
  opponent_allow_tos_violation: false
  challenge_mode: random
  challenge_filter: none
  block_list: []
  challenge_days:
  - null
  opponent_min_rating: 600
  opponent_max_rating: 4000
  overrides: {}
pgn_file_grouping: game

2026-03-25 21:33:50,454 config (config.py:260) DEBUG ====================
2026-03-25 21:33:50,454 __main__ (lichess-bot-modified.py:1024) INFO Checking engine configuration ...
2026-03-25 21:33:50,460 engine_wrapper (engine_wrapper.py:66) DEBUG Starting engine: ['C:\\Users\\carlf\\programs\\ai\\Chess-EngineC#\\GianMarco\\bin\\Release\\net7.0\\GianMarco.exe']
2026-03-25 21:33:50,460 asyncio (proactor_events.py:626) DEBUG Using proactor: IocpProactor
2026-03-25 21:33:50,472 chess.engine (engine.py:1040) DEBUG <UciProtocol (pid=27460)>: Connection made
2026-03-25 21:33:50,472 chess.engine (engine.py:1062) DEBUG <UciProtocol (pid=27460)>: << uci
2026-03-25 21:33:50,486 chess.engine (engine.py:1059) DEBUG <UciProtocol (pid=27460)>: Process exited
2026-03-25 21:33:50,486 chess.engine (engine.py:1046) DEBUG <UciProtocol (pid=27460)>: Connection lost (exit code: 2147516566, error: None)
2026-03-25 21:33:50,486 __main__ (lichess-bot-modified.py:1089) ERROR Quitting lichess-bot due to an error:
Traceback (most recent call last):
  File "C:\Users\carlf\programs\ai\Chess-EngineC#\lichess-bot\lichess-bot-modified.py", line 1086, in <module>
    start_lichess_bot()
  File "C:\Users\carlf\programs\ai\Chess-EngineC#\lichess-bot\lichess-bot-modified.py", line 1025, in start_lichess_bot
    with engine_wrapper.create_engine(CONFIG):
  File "C:\Program Files\Python310\lib\contextlib.py", line 135, in __enter__
    return next(self.gen)
  File "C:\Users\carlf\programs\ai\Chess-EngineC#\lichess-bot\engine_wrapper.py", line 67, in create_engine
    engine = Engine(commands, options, stderr, cfg.draw_or_resign, cwd=cfg.working_dir)
  File "C:\Users\carlf\programs\ai\Chess-EngineC#\lichess-bot\engine_wrapper.py", line 456, in __init__
    self.engine = chess.engine.SimpleEngine.popen_uci(commands, timeout=10., debug=False, setpgrp=False, stderr=stderr,
  File "C:\Users\carlf\programs\ai\Chess-EngineC#\lichess-bot\venv\lib\site-packages\chess\engine.py", line 3054, in popen_uci
    return cls.popen(UciProtocol, command, timeout=timeout, debug=debug, setpgrp=setpgrp, **popen_args)
  File "C:\Users\carlf\programs\ai\Chess-EngineC#\lichess-bot\venv\lib\site-packages\chess\engine.py", line 3046, in popen
    return run_in_background(background, name=f"{cls.__name__} (command={command!r})", debug=debug)
  File "C:\Users\carlf\programs\ai\Chess-EngineC#\lichess-bot\venv\lib\site-packages\chess\engine.py", line 201, in run_in_background
    return future.result()
  File "C:\Program Files\Python310\lib\concurrent\futures\_base.py", line 458, in result
    return self.__get_result()
  File "C:\Program Files\Python310\lib\concurrent\futures\_base.py", line 403, in __get_result
    raise self._exception
  File "C:\Users\carlf\programs\ai\Chess-EngineC#\lichess-bot\venv\lib\site-packages\chess\engine.py", line 195, in background
    asyncio.run(coroutine(future))
  File "C:\Program Files\Python310\lib\asyncio\runners.py", line 44, in run
    return loop.run_until_complete(main)
  File "C:\Program Files\Python310\lib\asyncio\base_events.py", line 646, in run_until_complete
    return future.result()
  File "C:\Users\carlf\programs\ai\Chess-EngineC#\lichess-bot\venv\lib\site-packages\chess\engine.py", line 3038, in background
    await asyncio.wait_for(protocol.initialize(), timeout)
  File "C:\Program Files\Python310\lib\asyncio\tasks.py", line 445, in wait_for
    return fut.result()
  File "C:\Users\carlf\programs\ai\Chess-EngineC#\lichess-bot\venv\lib\site-packages\chess\engine.py", line 1510, in initialize
    return await self.communicate(UciInitializeCommand)
  File "C:\Users\carlf\programs\ai\Chess-EngineC#\lichess-bot\venv\lib\site-packages\chess\engine.py", line 1133, in communicate
    return await command.result
chess.engine.EngineTerminatedError: engine process died unexpectedly (exit code: 2147516566)
